<?xml version="1.0" encoding="UTF-8"?>
<!-- Generated by org.testng.reporters.JUnitXMLReporter -->
<testsuite hostname="XTV-BMURUGANK" ignored="0" name="Default test" tests="4" failures="0" timestamp="2021-01-08T17:37:33 IST" time="11.517" errors="0">
  <testcase name="TC_001_Login" time="0.019" classname="com.suite1.ExtentReport"/>
  <testcase name="TC_002_Trip" time="0.002" classname="com.suite1.ExtentReport"/>
  <testcase name="TC_003_TripBook" time="0.002" classname="com.suite1.ExtentReport"/>
  <testcase name="TC_004_AddPassengerDetails" time="0.003" classname="com.suite1.ExtentReport">
    <skipped/>
  </testcase> <!-- TC_004_AddPassengerDetails -->
</testsuite> <!-- Default test -->
