<?xml version="1.0" encoding="UTF-8"?>
<testng-results skipped="1" failed="0" ignored="0" total="4" passed="3">
  <reporter-output>
  </reporter-output>
  <suite name="Default suite" duration-ms="11517" started-at="2021-01-08T17:37:21 IST" finished-at="2021-01-08T17:37:33 IST">
    <groups>
    </groups>
    <test name="Default test" duration-ms="11517" started-at="2021-01-08T17:37:21 IST" finished-at="2021-01-08T17:37:33 IST">
      <class name="com.suite1.ExtentReport">
        <test-method status="PASS" signature="startTest()[pri:0, instance:com.suite1.ExtentReport@59e5ddf]" name="startTest" is-config="true" duration-ms="437" started-at="2021-01-08T17:37:21 IST" finished-at="2021-01-08T17:37:22 IST">
          <reporter-output>
          </reporter-output>
        </test-method> <!-- startTest -->
        <test-method status="PASS" signature="TC_001_Login()[pri:0, instance:com.suite1.ExtentReport@59e5ddf]" name="TC_001_Login" duration-ms="19" started-at="2021-01-08T17:37:22 IST" finished-at="2021-01-08T17:37:22 IST">
          <reporter-output>
          </reporter-output>
        </test-method> <!-- TC_001_Login -->
        <test-method status="PASS" signature="getResult(org.testng.ITestResult)[pri:0, instance:com.suite1.ExtentReport@59e5ddf]" name="getResult" is-config="true" duration-ms="7" started-at="2021-01-08T17:37:22 IST" finished-at="2021-01-08T17:37:22 IST">
          <params>
            <param index="0">
              <value>
                <![CDATA[[TestResult name=TC_001_Login status=SUCCESS method=ExtentReport.TC_001_Login()[pri:0, instance:com.suite1.ExtentReport@59e5ddf] output={null}]]]>
              </value>
            </param>
          </params>
          <reporter-output>
          </reporter-output>
        </test-method> <!-- getResult -->
        <test-method status="PASS" signature="TC_002_Trip()[pri:0, instance:com.suite1.ExtentReport@59e5ddf]" name="TC_002_Trip" duration-ms="2" started-at="2021-01-08T17:37:22 IST" finished-at="2021-01-08T17:37:22 IST">
          <reporter-output>
          </reporter-output>
        </test-method> <!-- TC_002_Trip -->
        <test-method status="PASS" signature="getResult(org.testng.ITestResult)[pri:0, instance:com.suite1.ExtentReport@59e5ddf]" name="getResult" is-config="true" duration-ms="1" started-at="2021-01-08T17:37:22 IST" finished-at="2021-01-08T17:37:22 IST">
          <params>
            <param index="0">
              <value>
                <![CDATA[[TestResult name=TC_002_Trip status=SUCCESS method=ExtentReport.TC_002_Trip()[pri:0, instance:com.suite1.ExtentReport@59e5ddf] output={null}]]]>
              </value>
            </param>
          </params>
          <reporter-output>
          </reporter-output>
        </test-method> <!-- getResult -->
        <test-method status="PASS" signature="TC_003_TripBook()[pri:0, instance:com.suite1.ExtentReport@59e5ddf]" name="TC_003_TripBook" duration-ms="2" started-at="2021-01-08T17:37:22 IST" finished-at="2021-01-08T17:37:22 IST">
          <reporter-output>
          </reporter-output>
        </test-method> <!-- TC_003_TripBook -->
        <test-method status="PASS" signature="getResult(org.testng.ITestResult)[pri:0, instance:com.suite1.ExtentReport@59e5ddf]" name="getResult" is-config="true" duration-ms="1" started-at="2021-01-08T17:37:22 IST" finished-at="2021-01-08T17:37:22 IST">
          <params>
            <param index="0">
              <value>
                <![CDATA[[TestResult name=TC_003_TripBook status=SUCCESS method=ExtentReport.TC_003_TripBook()[pri:0, instance:com.suite1.ExtentReport@59e5ddf] output={null}]]]>
              </value>
            </param>
          </params>
          <reporter-output>
          </reporter-output>
        </test-method> <!-- getResult -->
        <test-method status="SKIP" signature="TC_004_AddPassengerDetails()[pri:0, instance:com.suite1.ExtentReport@59e5ddf]" name="TC_004_AddPassengerDetails" duration-ms="3" started-at="2021-01-08T17:37:22 IST" finished-at="2021-01-08T17:37:22 IST">
          <exception class="org.testng.SkipException">
            <message>
              <![CDATA[This test case is skipped ]]>
            </message>
            <full-stacktrace>
              <![CDATA[org.testng.SkipException: This test case is skipped 
at com.suite1.ExtentReport.TC_004_AddPassengerDetails(ExtentReport.java:110)
at sun.reflect.NativeMethodAccessorImpl.invoke0(Native Method)
at sun.reflect.NativeMethodAccessorImpl.invoke(Unknown Source)
at sun.reflect.DelegatingMethodAccessorImpl.invoke(Unknown Source)
at java.lang.reflect.Method.invoke(Unknown Source)
at org.testng.internal.MethodInvocationHelper.invokeMethod(MethodInvocationHelper.java:132)
at org.testng.internal.TestInvoker.invokeMethod(TestInvoker.java:599)
at org.testng.internal.TestInvoker.invokeTestMethod(TestInvoker.java:174)
at org.testng.internal.MethodRunner.runInSequence(MethodRunner.java:46)
at org.testng.internal.TestInvoker$MethodInvocationAgent.invoke(TestInvoker.java:822)
at org.testng.internal.TestInvoker.invokeTestMethods(TestInvoker.java:147)
at org.testng.internal.TestMethodWorker.invokeTestMethods(TestMethodWorker.java:146)
at org.testng.internal.TestMethodWorker.run(TestMethodWorker.java:128)
at org.testng.TestRunner$$Lambda$53/1489092624.accept(Unknown Source)
at java.util.ArrayList.forEach(Unknown Source)
at org.testng.TestRunner.privateRun(TestRunner.java:764)
at org.testng.TestRunner.run(TestRunner.java:585)
at org.testng.SuiteRunner.runTest(SuiteRunner.java:384)
at org.testng.SuiteRunner.runSequentially(SuiteRunner.java:378)
at org.testng.SuiteRunner.privateRun(SuiteRunner.java:337)
at org.testng.SuiteRunner.run(SuiteRunner.java:286)
at org.testng.SuiteRunnerWorker.runSuite(SuiteRunnerWorker.java:53)
at org.testng.SuiteRunnerWorker.run(SuiteRunnerWorker.java:96)
at org.testng.TestNG.runSuitesSequentially(TestNG.java:1218)
at org.testng.TestNG.runSuitesLocally(TestNG.java:1140)
at org.testng.TestNG.runSuites(TestNG.java:1069)
at org.testng.TestNG.run(TestNG.java:1037)
at org.testng.remote.AbstractRemoteTestNG.run(AbstractRemoteTestNG.java:115)
at org.testng.remote.RemoteTestNG.initAndRun(RemoteTestNG.java:251)
at org.testng.remote.RemoteTestNG.main(RemoteTestNG.java:77)
]]>
            </full-stacktrace>
          </exception> <!-- org.testng.SkipException -->
          <reporter-output>
          </reporter-output>
        </test-method> <!-- TC_004_AddPassengerDetails -->
        <test-method status="PASS" signature="getResult(org.testng.ITestResult)[pri:0, instance:com.suite1.ExtentReport@59e5ddf]" name="getResult" is-config="true" duration-ms="10045" started-at="2021-01-08T17:37:22 IST" finished-at="2021-01-08T17:37:32 IST">
          <params>
            <param index="0">
              <value>
                <![CDATA[[TestResult name=TC_004_AddPassengerDetails status=SKIP method=ExtentReport.TC_004_AddPassengerDetails()[pri:0, instance:com.suite1.ExtentReport@59e5ddf] output={null}]]]>
              </value>
            </param>
          </params>
          <reporter-output>
          </reporter-output>
        </test-method> <!-- getResult -->
        <test-method status="PASS" signature="endReport()[pri:0, instance:com.suite1.ExtentReport@59e5ddf]" name="endReport" is-config="true" duration-ms="920" started-at="2021-01-08T17:37:32 IST" finished-at="2021-01-08T17:37:33 IST">
          <reporter-output>
          </reporter-output>
        </test-method> <!-- endReport -->
      </class> <!-- com.suite1.ExtentReport -->
    </test> <!-- Default test -->
  </suite> <!-- Default suite -->
</testng-results>
